21:35:17,261 (AWT-EventQueue-0) DEBUG [DataNucleus.Persistence] - ExecutionContext OPENED "org.datanucleus.ExecutionContextImpl@77a9cb89" for datastore "org.datanucleus.store.rdbms.RDBMSStoreManager@30aac86f" with txn="org.datanucleus.TransactionImpl@721df2fb"
21:35:17,261 (AWT-EventQueue-0) DEBUG [DataNucleus.Transaction] - Transaction created [DataNucleus Transaction, ID=276611989-2, enlisted resources=[]]
21:35:17,261 (AWT-EventQueue-0) DEBUG [DataNucleus.Transaction] - Transaction begun for ExecutionContext org.datanucleus.ExecutionContextImpl@77a9cb89 (optimistic=false)
21:35:17,262 (AWT-EventQueue-0) DEBUG [DataNucleus.Query] - SQL Query : "DELETE FROM Receta"
21:35:17,263 (AWT-EventQueue-0) DEBUG [DataNucleus.Connection] - ManagedConnection OPENED : "org.datanucleus.store.rdbms.ConnectionFactoryImpl$ManagedConnectionImpl@3eb9e01e [conn=org.datanucleus.store.rdbms.datasource.dbcp2.PoolingDataSource$PoolGuardConnectionWrapper@232e4718, commitOnRelease=false, closeOnRelease=false, closeOnTxnEnd=true]" on resource "tx" with isolation level "read-committed" and auto-commit=false
21:35:17,263 (AWT-EventQueue-0) DEBUG [DataNucleus.Transaction] - Running enlist operation on resource: org.datanucleus.store.rdbms.ConnectionFactoryImpl$EmulatedXAResource@1ece982e, error code TMNOFLAGS and transaction [DataNucleus Transaction, ID=276611989-2, enlisted resources=[]]
21:35:17,263 (AWT-EventQueue-0) DEBUG [DataNucleus.Datastore] - Using PreparedStatement "org.datanucleus.store.rdbms.ParamLoggingPreparedStatement@44efa0f1" for connection "org.datanucleus.store.rdbms.datasource.dbcp2.PoolingDataSource$PoolGuardConnectionWrapper@232e4718"
21:35:17,263 (AWT-EventQueue-0) DEBUG [DataNucleus.Datastore.Native] - DELETE FROM Receta
21:35:17,276 (AWT-EventQueue-0) DEBUG [DataNucleus.Datastore.Persist] - SQL Execution Time = 13 ms (number of rows = 0) on PreparedStatement "org.datanucleus.store.rdbms.ParamLoggingPreparedStatement@44efa0f1"
21:35:17,277 (AWT-EventQueue-0) DEBUG [DataNucleus.Datastore] - Closing PreparedStatement "org.datanucleus.store.rdbms.ParamLoggingPreparedStatement@44efa0f1"
21:35:17,277 (AWT-EventQueue-0) DEBUG [DataNucleus.Query] - SQL Query : "DELETE FROM Terapia"
21:35:17,277 (AWT-EventQueue-0) DEBUG [DataNucleus.Datastore] - Using PreparedStatement "org.datanucleus.store.rdbms.ParamLoggingPreparedStatement@15a839f3" for connection "org.datanucleus.store.rdbms.datasource.dbcp2.PoolingDataSource$PoolGuardConnectionWrapper@232e4718"
21:35:17,278 (AWT-EventQueue-0) DEBUG [DataNucleus.Datastore.Native] - DELETE FROM Terapia
21:35:17,287 (AWT-EventQueue-0) DEBUG [DataNucleus.Datastore.Persist] - SQL Execution Time = 10 ms (number of rows = 0) on PreparedStatement "org.datanucleus.store.rdbms.ParamLoggingPreparedStatement@15a839f3"
21:35:17,288 (AWT-EventQueue-0) DEBUG [DataNucleus.Datastore] - Closing PreparedStatement "org.datanucleus.store.rdbms.ParamLoggingPreparedStatement@15a839f3"
21:35:17,288 (AWT-EventQueue-0) DEBUG [DataNucleus.Query] - SQL Query : "DELETE FROM EPS"
21:35:17,288 (AWT-EventQueue-0) DEBUG [DataNucleus.Datastore] - Using PreparedStatement "org.datanucleus.store.rdbms.ParamLoggingPreparedStatement@7fcddc80" for connection "org.datanucleus.store.rdbms.datasource.dbcp2.PoolingDataSource$PoolGuardConnectionWrapper@232e4718"
21:35:17,288 (AWT-EventQueue-0) DEBUG [DataNucleus.Datastore.Native] - DELETE FROM EPS
21:35:17,322 (AWT-EventQueue-0) DEBUG [DataNucleus.Datastore] - Closing PreparedStatement "org.datanucleus.store.rdbms.ParamLoggingPreparedStatement@7fcddc80"
21:35:17,322 (AWT-EventQueue-0) DEBUG [DataNucleus.Transaction] - Transaction rolling back for ExecutionContext org.datanucleus.ExecutionContextImpl@77a9cb89
21:35:17,322 (AWT-EventQueue-0) DEBUG [DataNucleus.Transaction] - Rolling back [DataNucleus Transaction, ID=276611989-2, enlisted resources=[org.datanucleus.store.rdbms.ConnectionFactoryImpl$EmulatedXAResource@1ece982e]]
21:35:17,323 (AWT-EventQueue-0) DEBUG [DataNucleus.Connection] - ManagedConnection ROLLING BACK : "org.datanucleus.store.rdbms.ConnectionFactoryImpl$ManagedConnectionImpl@3eb9e01e [conn=org.datanucleus.store.rdbms.datasource.dbcp2.PoolingDataSource$PoolGuardConnectionWrapper@232e4718, commitOnRelease=false, closeOnRelease=false, closeOnTxnEnd=true]"
21:35:17,330 (AWT-EventQueue-0) DEBUG [DataNucleus.Connection] - ManagedConnection CLOSED : "org.datanucleus.store.rdbms.ConnectionFactoryImpl$ManagedConnectionImpl@3eb9e01e [conn=org.datanucleus.store.rdbms.datasource.dbcp2.PoolingDataSource$PoolGuardConnectionWrapper@232e4718, commitOnRelease=false, closeOnRelease=false, closeOnTxnEnd=true]"
21:35:17,337 (AWT-EventQueue-0) DEBUG [DataNucleus.Transaction] - Transaction rolled back in 15 ms
21:35:17,337 (AWT-EventQueue-0) DEBUG [DataNucleus.Persistence] - ExecutionContext CLOSED "org.datanucleus.ExecutionContextImpl@77a9cb89"
21:36:04,332 (main) DEBUG [DataNucleus.General] - Using PluginRegistry org.datanucleus.plugin.NonManagedPluginRegistry
21:36:04,349 (main) DEBUG [DataNucleus.General] - Registering bundle org.datanucleus.api.jdo version 5.1.7 at URL file:/C:/uniandes/proyectoSis/sistrans/epsandes/lib/datanucleus-api-jdo-5.1.7.jar.
21:36:04,362 (main) DEBUG [DataNucleus.General] - Loading extension points and extensions from plug-in file jar:file:/C:/uniandes/proyectoSis/sistrans/epsandes/lib/datanucleus-api-jdo-5.1.7.jar!/plugin.xml.
21:36:04,368 (main) DEBUG [DataNucleus.General] - Registering bundle org.datanucleus version 5.1.10 at URL file:/C:/uniandes/proyectoSis/sistrans/epsandes/lib/datanucleus-core-5.1.10.jar.
21:36:04,370 (main) DEBUG [DataNucleus.General] - Loading extension points and extensions from plug-in file jar:file:/C:/uniandes/proyectoSis/sistrans/epsandes/lib/datanucleus-core-5.1.10.jar!/plugin.xml.
21:36:04,376 (main) DEBUG [DataNucleus.General] - Registering bundle org.datanucleus.store.rdbms version 5.1.10 at URL file:/C:/uniandes/proyectoSis/sistrans/epsandes/lib/datanucleus-rdbms-5.1.10.jar.
21:36:04,380 (main) DEBUG [DataNucleus.General] - Loading extension points and extensions from plug-in file jar:file:/C:/uniandes/proyectoSis/sistrans/epsandes/lib/datanucleus-rdbms-5.1.10.jar!/plugin.xml.
21:36:04,405 (main) DEBUG [DataNucleus.MetaData] - Parsing MetaData file "file:/C:/uniandes/proyectoSis/sistrans/epsandes/target/classes/META-INF/persistence.xml" using handler "persistence" (validation="false")
21:36:04,422 (main) DEBUG [DataNucleus.Persistence] - Java types support initialising ...
21:36:04,478 (main) DEBUG [DataNucleus.Persistence] - Java types support loaded : supported java types=[B, [C, [D, [F, [I, [J, [Ljava.lang.Boolean;, [Ljava.lang.Byte;, [Ljava.lang.Character;, [Ljava.lang.Double;, [Ljava.lang.Enum;, [Ljava.lang.Float;, [Ljava.lang.Integer;, [Ljava.lang.Long;, [Ljava.lang.Number;, [Ljava.lang.Object;, [Ljava.lang.Short;, [Ljava.lang.String;, [Ljava.math.BigDecimal;, [Ljava.math.BigInteger;, [Ljava.util.Date;, [Ljava.util.Locale;, [S, [Z, boolean, byte, char, double, float, int, java.awt.Color, java.awt.image.BufferedImage, java.lang.Boolean, java.lang.Byte, java.lang.Character, java.lang.Class, java.lang.Double, java.lang.Enum, java.lang.Float, java.lang.Integer, java.lang.Long, java.lang.Number, java.lang.Short, java.lang.String, java.lang.StringBuffer, java.lang.StringBuilder, java.math.BigDecimal, java.math.BigInteger, java.net.URI, java.net.URL, java.sql.Date, java.sql.Time, java.sql.Timestamp, java.time.Duration, java.time.Instant, java.time.LocalDate, java.time.LocalDateTime, java.time.LocalTime, java.time.MonthDay, java.time.OffsetDateTime, java.time.OffsetTime, java.time.Period, java.time.Year, java.time.YearMonth, java.time.ZonedDateTime, java.time.ZoneId, java.time.ZoneOffset, java.util.ArrayList, java.util.Arrays$ArrayList, java.util.BitSet, java.util.Calendar, java.util.Collection, java.util.Currency, java.util.Date, java.util.GregorianCalendar, java.util.HashMap, java.util.HashSet, java.util.Hashtable, java.util.LinkedHashMap, java.util.LinkedHashSet, java.util.LinkedList, java.util.List, java.util.Locale, java.util.Map, java.util.Optional, java.util.PriorityQueue, java.util.Properties, java.util.Queue, java.util.Set, java.util.SortedMap, java.util.SortedSet, java.util.Stack, java.util.TimeZone, java.util.TreeMap, java.util.TreeSet, java.util.UUID, java.util.Vector, long, short
21:36:04,478 (main) DEBUG [DataNucleus.Persistence] - Type converter support initialising ...
21:36:04,505 (main) DEBUG [DataNucleus.Persistence] - Type converter support loaded
21:36:04,506 (main) DEBUG [DataNucleus.Persistence] - TypeConverter(s) available for byte[] to : java.nio.ByteBuffer
21:36:04,506 (main) DEBUG [DataNucleus.Persistence] - TypeConverter(s) available for char[] to : java.nio.ByteBuffer
21:36:04,506 (main) DEBUG [DataNucleus.Persistence] - TypeConverter(s) available for double[] to : java.nio.ByteBuffer
21:36:04,506 (main) DEBUG [DataNucleus.Persistence] - TypeConverter(s) available for float[] to : java.nio.ByteBuffer
21:36:04,506 (main) DEBUG [DataNucleus.Persistence] - TypeConverter(s) available for int[] to : java.nio.ByteBuffer
21:36:04,506 (main) DEBUG [DataNucleus.Persistence] - TypeConverter(s) available for long[] to : java.nio.ByteBuffer
21:36:04,506 (main) DEBUG [DataNucleus.Persistence] - TypeConverter(s) available for [Ljava.math.BigDecimal; to : java.nio.ByteBuffer
21:36:04,506 (main) DEBUG [DataNucleus.Persistence] - TypeConverter(s) available for [Ljava.math.BigInteger; to : java.nio.ByteBuffer
21:36:04,506 (main) DEBUG [DataNucleus.Persistence] - TypeConverter(s) available for short[] to : java.nio.ByteBuffer
21:36:04,506 (main) DEBUG [DataNucleus.Persistence] - TypeConverter(s) available for boolean[] to : java.nio.ByteBuffer
21:36:04,506 (main) DEBUG [DataNucleus.Persistence] - TypeConverter(s) available for java.awt.Color to : java.lang.String,int[]
21:36:04,506 (main) DEBUG [DataNucleus.Persistence] - TypeConverter(s) available for java.awt.image.BufferedImage to : byte[],java.nio.ByteBuffer
21:36:04,506 (main) DEBUG [DataNucleus.Persistence] - TypeConverter(s) available for java.io.Serializable to : java.lang.String,byte[],java.nio.ByteBuffer
21:36:04,506 (main) DEBUG [DataNucleus.Persistence] - TypeConverter(s) available for java.lang.Boolean to : java.lang.Integer,java.lang.Character
21:36:04,507 (main) DEBUG [DataNucleus.Persistence] - TypeConverter(s) available for java.lang.Character to : java.lang.String
21:36:04,507 (main) DEBUG [DataNucleus.Persistence] - TypeConverter(s) available for java.lang.Class to : java.lang.String
21:36:04,507 (main) DEBUG [DataNucleus.Persistence] - TypeConverter(s) available for java.lang.Integer to : java.lang.String
21:36:04,507 (main) DEBUG [DataNucleus.Persistence] - TypeConverter(s) available for java.lang.Long to : java.lang.String
21:36:04,507 (main) DEBUG [DataNucleus.Persistence] - TypeConverter(s) available for java.lang.StringBuffer to : java.lang.String
21:36:04,507 (main) DEBUG [DataNucleus.Persistence] - TypeConverter(s) available for java.lang.StringBuilder to : java.lang.String
21:36:04,507 (main) DEBUG [DataNucleus.Persistence] - TypeConverter(s) available for java.math.BigDecimal to : java.lang.String,java.lang.Double
21:36:04,507 (main) DEBUG [DataNucleus.Persistence] - TypeConverter(s) available for java.math.BigInteger to : java.lang.Long,java.lang.String
21:36:04,507 (main) DEBUG [DataNucleus.Persistence] - TypeConverter(s) available for java.net.URI to : java.lang.String
21:36:04,507 (main) DEBUG [DataNucleus.Persistence] - TypeConverter(s) available for java.net.URL to : java.lang.String
21:36:04,507 (main) DEBUG [DataNucleus.Persistence] - TypeConverter(s) available for java.sql.Date to : java.lang.Long,java.lang.String,java.util.Date
21:36:04,507 (main) DEBUG [DataNucleus.Persistence] - TypeConverter(s) available for java.sql.Time to : java.lang.Long,java.lang.String,java.util.Date
21:36:04,507 (main) DEBUG [DataNucleus.Persistence] - TypeConverter(s) available for java.sql.Timestamp to : java.lang.Long,java.lang.String,java.util.Date
21:36:04,507 (main) DEBUG [DataNucleus.Persistence] - TypeConverter(s) available for java.time.Duration to : java.lang.Long,java.lang.String,java.lang.Double
21:36:04,507 (main) DEBUG [DataNucleus.Persistence] - TypeConverter(s) available for java.time.Instant to : java.lang.Long,java.lang.String,java.util.Date,java.sql.Timestamp
21:36:04,507 (main) DEBUG [DataNucleus.Persistence] - TypeConverter(s) available for java.time.LocalDate to : java.lang.String,java.util.Date,java.sql.Date
21:36:04,507 (main) DEBUG [DataNucleus.Persistence] - TypeConverter(s) available for java.time.LocalDateTime to : java.lang.String,java.util.Date,java.sql.Timestamp
21:36:04,507 (main) DEBUG [DataNucleus.Persistence] - TypeConverter(s) available for java.time.LocalTime to : java.lang.Long,java.lang.String,java.util.Date,java.sql.Time
21:36:04,508 (main) DEBUG [DataNucleus.Persistence] - TypeConverter(s) available for java.time.MonthDay to : java.lang.String,java.util.Date,int[],java.sql.Date
21:36:04,508 (main) DEBUG [DataNucleus.Persistence] - TypeConverter(s) available for java.time.OffsetDateTime to : java.lang.String,java.util.Date,java.sql.Timestamp
21:36:04,508 (main) DEBUG [DataNucleus.Persistence] - TypeConverter(s) available for java.time.OffsetTime to : java.lang.Long,java.lang.String,java.sql.Time
21:36:04,508 (main) DEBUG [DataNucleus.Persistence] - TypeConverter(s) available for java.time.Period to : java.lang.String,int[]
21:36:04,508 (main) DEBUG [DataNucleus.Persistence] - TypeConverter(s) available for java.time.Year to : java.lang.String,java.lang.Integer
21:36:04,508 (main) DEBUG [DataNucleus.Persistence] - TypeConverter(s) available for java.time.YearMonth to : java.lang.String,java.util.Date,int[],java.sql.Date
21:36:04,508 (main) DEBUG [DataNucleus.Persistence] - TypeConverter(s) available for java.time.ZonedDateTime to : java.lang.String,java.sql.Timestamp
21:36:04,508 (main) DEBUG [DataNucleus.Persistence] - TypeConverter(s) available for java.time.ZoneId to : java.lang.String
21:36:04,508 (main) DEBUG [DataNucleus.Persistence] - TypeConverter(s) available for java.time.ZoneOffset to : java.lang.String
21:36:04,508 (main) DEBUG [DataNucleus.Persistence] - TypeConverter(s) available for java.util.BitSet to : java.lang.String
21:36:04,508 (main) DEBUG [DataNucleus.Persistence] - TypeConverter(s) available for java.util.Calendar to : java.lang.String,java.util.Date,[Ljava.lang.Object;,java.sql.Timestamp
21:36:04,508 (main) DEBUG [DataNucleus.Persistence] - TypeConverter(s) available for java.util.Currency to : java.lang.String
21:36:04,508 (main) DEBUG [DataNucleus.Persistence] - TypeConverter(s) available for java.util.Date to : java.lang.Long,java.lang.String
21:36:04,508 (main) DEBUG [DataNucleus.Persistence] - TypeConverter(s) available for java.util.Locale to : java.lang.String
21:36:04,508 (main) DEBUG [DataNucleus.Persistence] - TypeConverter(s) available for java.util.TimeZone to : java.lang.String
21:36:04,508 (main) DEBUG [DataNucleus.Persistence] - TypeConverter(s) available for java.util.UUID to : java.lang.String
21:36:04,509 (main) DEBUG [DataNucleus.MetaData] - MetaDataManager : Input=(XML,Annotations), XML-Validation=false, XML-Suffices=(persistence=*.jdo, orm=orm, query=*.jdoquery) mapping-name=oracle, JDO-listener=false
21:36:04,509 (main) DEBUG [DataNucleus.MetaData] - MetaData Management : Loading Metadata for persistence-unit "EPSAndes" ...
21:36:04,509 (main) DEBUG [DataNucleus.MetaData] - MetaData Management : Load of Metadata complete
21:36:04,512 (main) DEBUG [DataNucleus.Datastore] - Creating StoreManager for datastore
21:36:04,642 (main) DEBUG [DataNucleus.Connection] - Created ConnectionPool "tx" as data source using pooling type of dbcp2-builtin
21:36:04,642 (main) DEBUG [DataNucleus.Connection] - Registered transactional connection factory under name "rdbms/tx"
21:36:04,643 (main) DEBUG [DataNucleus.Connection] - Registered nontransactional connection factory under name "rdbms/nontx"
21:36:04,650 (main) DEBUG [DataNucleus.Connection] - Created ConnectionPool "nontx" as data source using pooling type of dbcp2-builtin
21:36:05,751 (main) DEBUG [DataNucleus.Connection] - ManagedConnection OPENED : "org.datanucleus.store.rdbms.ConnectionFactoryImpl$ManagedConnectionImpl@1a18644 [conn=null, commitOnRelease=true, closeOnRelease=true, closeOnTxnEnd=true]" on resource "nontx"
21:36:05,926 (main) DEBUG [DataNucleus.Datastore] - Removing RDBMS support for Java type java.lang.Boolean, jdbc-type=BOOLEAN
21:36:05,926 (main) DEBUG [DataNucleus.Datastore] - RDBMS support configured for "[B" using jdbc-types=[BLOB, VARBINARY, LONGVARBINARY], sql-types=[BLOB, VARBINARY, LONGVARBINARY] with default (jdbc-type=BLOB, sql-type=BLOB)
21:36:05,926 (main) DEBUG [DataNucleus.Datastore] - RDBMS support configured for "java.io.File" using jdbc-types=[LONGVARBINARY], sql-types=[LONGVARBINARY] with default (jdbc-type=LONGVARBINARY, sql-type=LONGVARBINARY)
21:36:05,926 (main) DEBUG [DataNucleus.Datastore] - RDBMS support configured for "java.io.Serializable" using jdbc-types=[BLOB, VARBINARY, LONGVARBINARY], sql-types=[BLOB, VARBINARY, LONGVARBINARY] with default (jdbc-type=BLOB, sql-type=BLOB)
21:36:05,926 (main) DEBUG [DataNucleus.Datastore] - RDBMS support configured for "java.lang.Boolean" using jdbc-types=[NUMERIC, SMALLINT, CHAR, BIT, TINYINT], sql-types=[NUMERIC, SMALLINT, CHAR, BIT, TINYINT] with default (jdbc-type=NUMERIC, sql-type=NUMERIC)
21:36:05,927 (main) DEBUG [DataNucleus.Datastore] - RDBMS support configured for "java.lang.Byte" using jdbc-types=[NUMERIC, SMALLINT, TINYINT], sql-types=[NUMERIC, SMALLINT, TINYINT] with default (jdbc-type=NUMERIC, sql-type=NUMERIC)
21:36:05,927 (main) DEBUG [DataNucleus.Datastore] - RDBMS support configured for "java.lang.Character" using jdbc-types=[NUMERIC, CHAR, INTEGER], sql-types=[NUMERIC, CHAR, INTEGER] with default (jdbc-type=CHAR, sql-type=CHAR)
21:36:05,927 (main) DEBUG [DataNucleus.Datastore] - RDBMS support configured for "java.lang.Double" using jdbc-types=[FLOAT, NUMERIC, DECIMAL, DOUBLE], sql-types=[FLOAT, NUMBER, DECIMAL, DOUBLE] with default (jdbc-type=FLOAT, sql-type=FLOAT)
21:36:05,927 (main) DEBUG [DataNucleus.Datastore] - RDBMS support configured for "java.lang.Float" using jdbc-types=[FLOAT, NUMERIC, REAL, DECIMAL, DOUBLE], sql-types=[FLOAT, NUMBER, REAL, DECIMAL, DOUBLE] with default (jdbc-type=FLOAT, sql-type=FLOAT)
21:36:05,927 (main) DEBUG [DataNucleus.Datastore] - RDBMS support configured for "java.lang.Integer" using jdbc-types=[NUMERIC, SMALLINT, BIGINT, TINYINT, INTEGER], sql-types=[NUMERIC, NUMBER, SMALLINT, BIGINT, TINYINT, INTEGER] with default (jdbc-type=NUMERIC, sql-type=NUMERIC)
21:36:05,927 (main) DEBUG [DataNucleus.Datastore] - RDBMS support configured for "java.lang.Long" using jdbc-types=[NUMERIC, SMALLINT, BIGINT, TINYINT, INTEGER], sql-types=[NUMERIC, NUMBER, SMALLINT, BIGINT, INT, TINYINT] with default (jdbc-type=NUMERIC, sql-type=NUMERIC)
21:36:05,927 (main) DEBUG [DataNucleus.Datastore] - RDBMS support configured for "java.lang.Short" using jdbc-types=[NUMERIC, SMALLINT, TINYINT, INTEGER], sql-types=[NUMERIC, NUMBER, SMALLINT, TINYINT, INTEGER] with default (jdbc-type=NUMERIC, sql-type=NUMERIC)
21:36:05,927 (main) DEBUG [DataNucleus.Datastore] - RDBMS support configured for "java.lang.String" using jdbc-types=[XMLTYPE, BLOB, LONGVARCHAR, CLOB, VARCHAR, CHAR, BIGINT, NVARCHAR, NCHAR], sql-types=[NVARCHAR2, XMLTYPE, BLOB, LONGVARCHAR, CLOB, VARCHAR, CHAR, BIGINT, NVARCHAR, NCHAR] with default (jdbc-type=VARCHAR, sql-type=VARCHAR)
21:36:05,927 (main) DEBUG [DataNucleus.Datastore] - RDBMS support configured for "java.math.BigDecimal" using jdbc-types=[NUMERIC, DECIMAL], sql-types=[NUMERIC, NUMBER, DECIMAL] with default (jdbc-type=NUMERIC, sql-type=NUMERIC)
21:36:05,927 (main) DEBUG [DataNucleus.Datastore] - RDBMS support configured for "java.math.BigInteger" using jdbc-types=[NUMERIC], sql-types=[NUMERIC, NUMBER] with default (jdbc-type=NUMERIC, sql-type=NUMERIC)
21:36:05,927 (main) DEBUG [DataNucleus.Datastore] - RDBMS support configured for "java.sql.Date" using jdbc-types=[DATE, TIMESTAMP, VARCHAR, CHAR, BIGINT], sql-types=[DATE, TIMESTAMP, VARCHAR, CHAR, BIGINT] with default (jdbc-type=DATE, sql-type=DATE)
21:36:05,927 (main) DEBUG [DataNucleus.Datastore] - RDBMS support configured for "java.sql.Time" using jdbc-types=[TIMESTAMP, VARCHAR, CHAR, TIME, BIGINT], sql-types=[TIMESTAMP, VARCHAR, CHAR, TIME, BIGINT] with default (jdbc-type=TIME, sql-type=TIME)
21:36:05,927 (main) DEBUG [DataNucleus.Datastore] - RDBMS support configured for "java.sql.Timestamp" using jdbc-types=[DATE, TIMESTAMP, VARCHAR, CHAR, TIME], sql-types=[DATE, TIMESTAMP, VARCHAR, CHAR, TIME] with default (jdbc-type=TIMESTAMP, sql-type=TIMESTAMP)
21:36:05,927 (main) DEBUG [DataNucleus.Datastore] - RDBMS support configured for "java.util.Date" using jdbc-types=[DATE, TIMESTAMP, VARCHAR, CHAR, TIME, BIGINT], sql-types=[DATE, TIMESTAMP, VARCHAR, CHAR, TIME, BIGINT] with default (jdbc-type=TIMESTAMP, sql-type=TIMESTAMP)
21:36:05,927 (main) DEBUG [DataNucleus.Datastore] - RDBMS support configured for "org.datanucleus.identity.DatastoreId" using jdbc-types=[NUMERIC, VARCHAR, CHAR, BIGINT, INTEGER], sql-types=[NUMERIC, VARCHAR, CHAR, BIGINT, INTEGER] with default (jdbc-type=NUMERIC, sql-type=NUMERIC)
21:36:05,940 (main) DEBUG [DataNucleus.Datastore] - ======================= Datastore =========================
21:36:05,940 (main) DEBUG [DataNucleus.Datastore] - StoreManager : "rdbms" (org.datanucleus.store.rdbms.RDBMSStoreManager)
21:36:05,940 (main) DEBUG [DataNucleus.Datastore] - Datastore : read-write
21:36:05,940 (main) DEBUG [DataNucleus.Datastore] - Schema Control : AutoCreate(None), Validate(None)
21:36:05,940 (main) DEBUG [DataNucleus.Datastore] - Schema : NamingFactory=datanucleus2 identifierCase=null
21:36:05,940 (main) DEBUG [DataNucleus.Datastore] - Query Languages : JDOQL, JPQL, STOREDPROC, SQL
21:36:05,940 (main) DEBUG [DataNucleus.Datastore] - Queries : Timeout=0
21:36:05,940 (main) DEBUG [DataNucleus.Datastore] - ===========================================================
21:36:05,940 (main) DEBUG [DataNucleus.Datastore] - Datastore Adapter : org.datanucleus.store.rdbms.adapter.OracleAdapter
21:36:05,940 (main) DEBUG [DataNucleus.Datastore] - Datastore : name="Oracle" version="Oracle Database 12c Enterprise Edition Release 12.1.0.2.0 - 64bit Production
With the Partitioning, OLAP, Advanced Analytics and Real Application Testing options"
21:36:05,940 (main) DEBUG [DataNucleus.Datastore] - Datastore Driver : name="Oracle JDBC driver" version="12.2.0.1.0"
21:36:05,940 (main) DEBUG [DataNucleus.Datastore] - Primary Connection Factory : URL[jdbc:oracle:thin:@fn3.oracle.virtual.uniandes.edu.co:1521:prod]
21:36:05,940 (main) DEBUG [DataNucleus.Datastore] - Secondary Connection Factory : URL[jdbc:oracle:thin:@fn3.oracle.virtual.uniandes.edu.co:1521:prod]
21:36:05,940 (main) DEBUG [DataNucleus.Datastore] - Datastore Identifiers : factory="datanucleus2" case=UPPERCASE schema=ISIS2304C221920
21:36:05,941 (main) DEBUG [DataNucleus.Datastore] - Supported Identifier Cases : "MixedCase" UPPERCASE "MixedCase-Sensitive" 
21:36:05,941 (main) DEBUG [DataNucleus.Datastore] - Supported Identifier Lengths (max) : Table=30 Column=30 Constraint=30 Index=30 Delimiter="
21:36:05,941 (main) DEBUG [DataNucleus.Datastore] - Support for Identifiers in DDL : catalog=false schema=true
21:36:05,941 (main) DEBUG [DataNucleus.Datastore] - Datastore : checkTableViewExistence, rdbmsConstraintCreateMode=DataNucleus, initialiseColumnInfo=ALL
21:36:05,941 (main) DEBUG [DataNucleus.Datastore] - Support Statement Batching : yes (max-batch-size=50)
21:36:05,941 (main) DEBUG [DataNucleus.Datastore] - Queries : Results direction=forward, type=forward-only, concurrency=read-only
21:36:05,941 (main) DEBUG [DataNucleus.Datastore] - Java-Types : string-default-length=255
21:36:05,941 (main) DEBUG [DataNucleus.Datastore] - JDBC-Types : NCLOB, NCHAR, [id=2007], REF, CLOB, BLOB, ARRAY, STRUCT, DATE, TIME, TIMESTAMP, VARCHAR, LONGVARCHAR, VARBINARY, LONGVARBINARY, BIGINT, TINYINT, BIT, NVARCHAR, [id=-101], CHAR, [id=-103], NUMERIC, [id=-102], DECIMAL, INTEGER, SMALLINT, FLOAT, REAL, DOUBLE, [id=-104]
21:36:05,941 (main) DEBUG [DataNucleus.Datastore] - ===========================================================
21:36:05,942 (main) DEBUG [DataNucleus.Connection] - ManagedConnection CLOSED : "org.datanucleus.store.rdbms.ConnectionFactoryImpl$ManagedConnectionImpl@1a18644 [conn=org.datanucleus.store.rdbms.datasource.dbcp2.PoolingDataSource$PoolGuardConnectionWrapper@2e570ded, commitOnRelease=true, closeOnRelease=true, closeOnTxnEnd=true]"
21:36:05,942 (main) DEBUG [DataNucleus.Datastore] - StoreManager now created
21:36:05,944 (main) DEBUG [DataNucleus.Persistence] - Started pool of ExecutionContext (maxPool=20, reaperThread=false)
21:36:05,948 (main) DEBUG [DataNucleus.Persistence] - ================= NucleusContext ===============
21:36:05,948 (main) DEBUG [DataNucleus.Persistence] - DataNucleus Context : Version "5.1.10" with JRE "1.8.0_221" on "Windows 10"
21:36:05,948 (main) DEBUG [DataNucleus.Persistence] - Persistence API : JDO
21:36:05,948 (main) DEBUG [DataNucleus.Persistence] - Persistence-Unit : EPSAndes
21:36:05,948 (main) DEBUG [DataNucleus.Persistence] - Plugin Registry : org.datanucleus.plugin.NonManagedPluginRegistry
21:36:05,948 (main) DEBUG [DataNucleus.Persistence] - ClassLoading : default
21:36:05,948 (main) DEBUG [DataNucleus.Persistence] - Persistence : pm-singlethreaded, nontransactional-read, nontransactional-write, reachability-at-commit, copy-on-attach, managed-relations(checked), deletion-policy=JDO2, serverTimeZone=America/Chicago
21:36:05,948 (main) DEBUG [DataNucleus.Persistence] - Transactions : type=RESOURCE_LOCAL, mode=datastore, isolation=read-committed
21:36:05,948 (main) DEBUG [DataNucleus.Persistence] - ValueGeneration : txn-isolation=read-committed connection=New
21:36:05,948 (main) DEBUG [DataNucleus.Persistence] - Cache : Level1 (soft), Level2 (soft, mode=UNSPECIFIED), QueryResults (soft), Collections/Maps 
21:36:05,948 (main) DEBUG [DataNucleus.Persistence] - ================================================
